<?xml version="1.0" encoding="UTF-8"?>
<testsuite xmlns:xsi="http://www.w3.org/2001/XMLSchema-instance" xsi:noNamespaceSchemaLocation="https://maven.apache.org/surefire/maven-surefire-plugin/xsd/surefire-test-report-3.0.xsd" version="3.0" name="TestSuite" time="11.109" tests="3" errors="0" skipped="0" failures="3">
  <properties>
[...]
</properties>
  <testcase name="loginToATT" classname="att_Jenkins.ATT_LoadTesting" time="0.609">
    <failure message="Could not start a new session. Response code 500. Message: unknown error: no chrome binary at /opt/google/chrome/google-chrome &#10;Host info: host: &apos;XCALWS0202&apos;, ip: &apos;127.0.1.1&apos;&#10;Build info: version: &apos;4.16.1&apos;, revision: &apos;9b4c83354e&apos;&#10;System info: os.name: &apos;Linux&apos;, os.arch: &apos;amd64&apos;, os.version: &apos;5.15.0-102-generic&apos;, java.version: &apos;11.0.22&apos;&#10;Driver info: org.openqa.selenium.chrome.ChromeDriver&#10;Command: [null, newSession {capabilities=[Capabilities {browserName: chrome, goog:chromeOptions: {args: [], binary: /opt/google/chrome/google-c..., extensions: []}}]}]" type="org.openqa.selenium.SessionNotCreatedException"><![CDATA[org.openqa.selenium.SessionNotCreatedException: 
Could not start a new session. Response code 500. Message: unknown error: no chrome binary at /opt/google/chrome/google-chrome 
Host info: host: 'XCALWS0202', ip: '127.0.1.1'
Build info: version: '4.16.1', revision: '9b4c83354e'
System info: os.name: 'Linux', os.arch: 'amd64', os.version: '5.15.0-102-generic', java.version: '11.0.22'
Driver info: org.openqa.selenium.chrome.ChromeDriver
Command: [null, newSession {capabilities=[Capabilities {browserName: chrome, goog:chromeOptions: {args: [], binary: /opt/google/chrome/google-c..., extensions: []}}]}]
	at att_Jenkins.ATT_LoadTesting.loginToATT(ATT_LoadTesting.java:44)
]]></failure>
  </testcase>
  <testcase name="dockreceiving" classname="att_Jenkins.ATT_LoadTesting" time="0.007">
    <failure message="Input must be set" type="java.lang.IllegalArgumentException"><![CDATA[java.lang.IllegalArgumentException: Input must be set
	at att_Jenkins.ATT_LoadTesting.dockreceiving(ATT_LoadTesting.java:84)
]]></failure>
  </testcase>
  <testcase name="flowByrMAD" classname="att_Jenkins.ATT_LoadTesting" time="10.103">
    <failure message="Input must be set" type="java.lang.IllegalArgumentException"><![CDATA[java.lang.IllegalArgumentException: Input must be set
	at att_Jenkins.ATT_LoadTesting.buildGaylord(ATT_LoadTesting.java:117)
	at att_Jenkins.ATT_LoadTesting.buildMaterCarton_Pallet(ATT_LoadTesting.java:300)
	at att_Jenkins.ATT_LoadTesting.flowByrMAD(ATT_LoadTesting.java:154)
]]></failure>
    <system-out><![CDATA[Connected with DB for getSerialNumberList Method
sourceSerialNumber[YYQQVB908P4L9, YYQQ6U60DYSBK, YYYQHKZ6NN6SQ, XXQQTNLZ4S81H, YYQQ2FVODUUGF, WWQQ3M5G4IGM4, WWQQ633UH1UI7, YYQQ9GHTAHAP2, XXQQ6HVSL7F51, XXQQ06AB99JVC, YYYQQKTFDVAGN, YYQQRDEKMTWSG, XXQQU31HW20VP, WWQQ4S18K97ZS, ZZ4QRGZ7GNRNN, ZZ4Q6HR2HJ4OI, ZZ4Q20Z7PRBBU, YYYQR75LPOZBS, WWQQZKKCTQXR9, ZZ4QSWFRRMVRI, ZZ4QKP5UEK728, YYQQZWZTCLFMX, YYYQJW8TEEYWM, XXQQFAPINRAOK, XXQQ3LYD2YYOV, YYYQU59QI65NH, YYQQCX14E53DP, ZZ4QWMQE9XFHO, YYYQJ69WO3A1I, YYQQPQZSB7D3Z, YYQQZ5X88HD8U, XXQQ13GJ7GM20, YYQQ12E7X0KGI, YYYQJVMA4O9OT, ZZ4Q0OV0CK2OX, XXQQ1KEBCV0QD, XXQQXE47WBV7D, YYQQICSADPDD3, YYYQVJIKV8UYI, YYYQGQ94AWPP4, XXQQ1NT6E1OMG, YYYQBWWQIB9T1, YYQQ2UGVN9BYP, YYQQ3B0DZRKC2, ZZ4QQD2OQ1WIQ, XXQQ05LFV8CAT, ZZ4Q4YQVHC4OA, XXQQSGOU99RAM, ZZ4QNHMMFLR5J]model--->BGW210-700
serialnumbers[YYQQVB908P4L9, YYQQ6U60DYSBK, YYYQHKZ6NN6SQ, XXQQTNLZ4S81H, YYQQ2FVODUUGF, WWQQ3M5G4IGM4, WWQQ633UH1UI7, YYQQ9GHTAHAP2, XXQQ6HVSL7F51, XXQQ06AB99JVC, YYYQQKTFDVAGN, YYQQRDEKMTWSG, XXQQU31HW20VP, WWQQ4S18K97ZS, ZZ4QRGZ7GNRNN, ZZ4Q6HR2HJ4OI, ZZ4Q20Z7PRBBU, YYYQR75LPOZBS, WWQQZKKCTQXR9, ZZ4QSWFRRMVRI, ZZ4QKP5UEK728, YYQQZWZTCLFMX, YYYQJW8TEEYWM, XXQQFAPINRAOK, XXQQ3LYD2YYOV, YYYQU59QI65NH, YYQQCX14E53DP, ZZ4QWMQE9XFHO, YYYQJ69WO3A1I, YYQQPQZSB7D3Z, YYQQZ5X88HD8U, XXQQ13GJ7GM20, YYQQ12E7X0KGI, YYYQJVMA4O9OT, ZZ4Q0OV0CK2OX, XXQQ1KEBCV0QD, XXQQXE47WBV7D, YYQQICSADPDD3, YYYQVJIKV8UYI, YYYQGQ94AWPP4, XXQQ1NT6E1OMG, YYYQBWWQIB9T1, YYQQ2UGVN9BYP, YYQQ3B0DZRKC2, ZZ4QQD2OQ1WIQ, XXQQ05LFV8CAT, ZZ4Q4YQVHC4OA, XXQQSGOU99RAM, ZZ4QNHMMFLR5J]
Connection success for profile master
unitesPerCarton-->10 ,unitesPerPallet-->10
IN BUILD GAYLORD METHOD
]]></system-out>
  </testcase>
</testsuite>